2026-03-12 09:07:19 [info     ] cors_origins_configured        origins=['http://localhost:8001', 'http://127.0.0.1:8001', 'http://localhost:5000', 'http://127.0.0.1:5000', 'http://localhost:3000', 'http://127.0.0.1:3000', 'http://localhost:3001', 'http://localhost:3002', 'http://localhost:3003', 'http://localhost:5173']

=== REGISTERED ROUTES ===
  /api/openapi.json - {'GET', 'HEAD'}
  /api/docs - {'GET', 'HEAD'}
  /docs/oauth2-redirect - {'GET', 'HEAD'}
  /api/redoc - {'GET', 'HEAD'}
  /static - set()
  /api/v1/health - {'GET'}
  /api/v1/health/ready - {'GET'}
  /api/v1/auth/register - {'POST'}
  /api/v1/auth/login - {'POST'}
  /api/v1/auth/refresh - {'POST'}
  /api/v1/auth/me - {'GET'}
  /api/v1/analyze - {'POST'}
  /api/v1/pipelines - {'GET'}
  /api/v1/pipelines - {'POST'}
  /api/v1/pipelines/{pipeline_id} - {'GET'}
  /api/v1/pipelines/{pipeline_id} - {'PATCH'}
  /api/v1/pipelines/{pipeline_id} - {'DELETE'}
  /api/v1/pipelines/{pipeline_id}/execute - {'POST'}
  /api/v1/pipelines/{pipeline_id}/executions - {'GET'}
  /api/v1/presets/initialize - {'POST'}
  /api/v1/presets - {'GET'}
  /api/v1/presets/{preset_id} - {'GET'}
  /api/v1/presets/{preset_id}/apply - {'POST'}
  /api/v1/preview/chunking - {'POST'}
  /api/v1/pipeline/execute - {'POST'}
  /api/v1/documents/upload - {'POST'}
  /api/v1/documents - {'GET'}
  /api/v1/documents/{document_id}/content - {'GET'}
  /api/v1/documents/{document_id} - {'GET'}
  /api/v1/documents/{document_id} - {'DELETE'}
  /api/v1/chunks/visualize - {'POST'}
  /api/v1/chunks/document/{document_id} - {'GET'}
  /api/v1/chunks/{chunk_id} - {'GET'}
  /api/v1/chunks/search/similar - {'GET'}
  /api/v1/evaluations - {'POST'}
  /api/v1/evaluations - {'GET'}
  /api/v1/evaluations/{evaluation_id} - {'GET'}
  /api/v1/evaluations/{evaluation_id}/results - {'GET'}
  /api/v1/evaluations/{evaluation_id} - {'DELETE'}
  /api/v1/query/ - {'POST'}
  /api/v1/config/analyze-document - {'POST'}
  /api/v1/config/validate-pipeline - {'POST'}
  /api/v1/rerank/ - {'POST'}
  / - {'GET'}
=========================

INFO:     Started server process [13228]
INFO:     Waiting for application startup.
2026-03-12 09:07:21,925 INFO sqlalchemy.engine.Engine select pg_catalog.version()
select pg_catalog.version()
2026-03-12 09:07:21,926 INFO sqlalchemy.engine.Engine [raw sql] ()
[raw sql] ()
2026-03-12 09:07:22,717 INFO sqlalchemy.engine.Engine select current_schema()
select current_schema()
2026-03-12 09:07:22,718 INFO sqlalchemy.engine.Engine [raw sql] ()
[raw sql] ()
2026-03-12 09:07:23,758 INFO sqlalchemy.engine.Engine show standard_conforming_strings
show standard_conforming_strings
2026-03-12 09:07:23,758 INFO sqlalchemy.engine.Engine [raw sql] ()
[raw sql] ()
2026-03-12 09:07:24,539 INFO sqlalchemy.engine.Engine BEGIN (implicit)
BEGIN (implicit)
2026-03-12 09:07:24,546 INFO sqlalchemy.engine.Engine SELECT pg_catalog.pg_class.relname 
FROM pg_catalog.pg_class JOIN pg_catalog.pg_namespace ON pg_catalog.pg_namespace.oid = pg_catalog.pg_class.relnamespace 
WHERE pg_catalog.pg_class.relname = $1::VARCHAR AND pg_catalog.pg_class.relkind = ANY (ARRAY[$2::VARCHAR, $3::VARCHAR, $4::VARCHAR, $5::VARCHAR, $6::VARCHAR]) AND pg_catalog.pg_table_is_visible(pg_catalog.pg_class.oid) AND pg_catalog.pg_namespace.nspname != $7::VARCHAR
SELECT pg_catalog.pg_class.relname 
FROM pg_catalog.pg_class JOIN pg_catalog.pg_namespace ON pg_catalog.pg_namespace.oid = pg_catalog.pg_class.relnamespace 
WHERE pg_catalog.pg_class.relname = $1::VARCHAR AND pg_catalog.pg_class.relkind = ANY (ARRAY[$2::VARCHAR, $3::VARCHAR, $4::VARCHAR, $5::VARCHAR, $6::VARCHAR]) AND pg_catalog.pg_table_is_visible(pg_catalog.pg_class.oid) AND pg_catalog.pg_namespace.nspname != $7::VARCHAR
2026-03-12 09:07:24,546 INFO sqlalchemy.engine.Engine [generated in 0.00023s] ('users', 'r', 'p', 'f', 'v', 'm', 'pg_catalog')
[generated in 0.00023s] ('users', 'r', 'p', 'f', 'v', 'm', 'pg_catalog')
2026-03-12 09:07:25,360 INFO sqlalchemy.engine.Engine SELECT pg_catalog.pg_class.relname 
FROM pg_catalog.pg_class JOIN pg_catalog.pg_namespace ON pg_catalog.pg_namespace.oid = pg_catalog.pg_class.relnamespace 
WHERE pg_catalog.pg_class.relname = $1::VARCHAR AND pg_catalog.pg_class.relkind = ANY (ARRAY[$2::VARCHAR, $3::VARCHAR, $4::VARCHAR, $5::VARCHAR, $6::VARCHAR]) AND pg_catalog.pg_table_is_visible(pg_catalog.pg_class.oid) AND pg_catalog.pg_namespace.nspname != $7::VARCHAR
SELECT pg_catalog.pg_class.relname 
FROM pg_catalog.pg_class JOIN pg_catalog.pg_namespace ON pg_catalog.pg_namespace.oid = pg_catalog.pg_class.relnamespace 
WHERE pg_catalog.pg_class.relname = $1::VARCHAR AND pg_catalog.pg_class.relkind = ANY (ARRAY[$2::VARCHAR, $3::VARCHAR, $4::VARCHAR, $5::VARCHAR, $6::VARCHAR]) AND pg_catalog.pg_table_is_visible(pg_catalog.pg_class.oid) AND pg_catalog.pg_namespace.nspname != $7::VARCHAR
2026-03-12 09:07:25,360 INFO sqlalchemy.engine.Engine [cached since 0.8145s ago] ('pipelines', 'r', 'p', 'f', 'v', 'm', 'pg_catalog')
[cached since 0.8145s ago] ('pipelines', 'r', 'p', 'f', 'v', 'm', 'pg_catalog')
2026-03-12 09:07:25,625 INFO sqlalchemy.engine.Engine SELECT pg_catalog.pg_class.relname 
FROM pg_catalog.pg_class JOIN pg_catalog.pg_namespace ON pg_catalog.pg_namespace.oid = pg_catalog.pg_class.relnamespace 
WHERE pg_catalog.pg_class.relname = $1::VARCHAR AND pg_catalog.pg_class.relkind = ANY (ARRAY[$2::VARCHAR, $3::VARCHAR, $4::VARCHAR, $5::VARCHAR, $6::VARCHAR]) AND pg_catalog.pg_table_is_visible(pg_catalog.pg_class.oid) AND pg_catalog.pg_namespace.nspname != $7::VARCHAR
SELECT pg_catalog.pg_class.relname 
FROM pg_catalog.pg_class JOIN pg_catalog.pg_namespace ON pg_catalog.pg_namespace.oid = pg_catalog.pg_class.relnamespace 
WHERE pg_catalog.pg_class.relname = $1::VARCHAR AND pg_catalog.pg_class.relkind = ANY (ARRAY[$2::VARCHAR, $3::VARCHAR, $4::VARCHAR, $5::VARCHAR, $6::VARCHAR]) AND pg_catalog.pg_table_is_visible(pg_catalog.pg_class.oid) AND pg_catalog.pg_namespace.nspname != $7::VARCHAR
2026-03-12 09:07:25,625 INFO sqlalchemy.engine.Engine [cached since 1.08s ago] ('pipeline_versions', 'r', 'p', 'f', 'v', 'm', 'pg_catalog')
[cached since 1.08s ago] ('pipeline_versions', 'r', 'p', 'f', 'v', 'm', 'pg_catalog')
2026-03-12 09:07:25,885 INFO sqlalchemy.engine.Engine SELECT pg_catalog.pg_class.relname 
FROM pg_catalog.pg_class JOIN pg_catalog.pg_namespace ON pg_catalog.pg_namespace.oid = pg_catalog.pg_class.relnamespace 
WHERE pg_catalog.pg_class.relname = $1::VARCHAR AND pg_catalog.pg_class.relkind = ANY (ARRAY[$2::VARCHAR, $3::VARCHAR, $4::VARCHAR, $5::VARCHAR, $6::VARCHAR]) AND pg_catalog.pg_table_is_visible(pg_catalog.pg_class.oid) AND pg_catalog.pg_namespace.nspname != $7::VARCHAR
SELECT pg_catalog.pg_class.relname 
FROM pg_catalog.pg_class JOIN pg_catalog.pg_namespace ON pg_catalog.pg_namespace.oid = pg_catalog.pg_class.relnamespace 
WHERE pg_catalog.pg_class.relname = $1::VARCHAR AND pg_catalog.pg_class.relkind = ANY (ARRAY[$2::VARCHAR, $3::VARCHAR, $4::VARCHAR, $5::VARCHAR, $6::VARCHAR]) AND pg_catalog.pg_table_is_visible(pg_catalog.pg_class.oid) AND pg_catalog.pg_namespace.nspname != $7::VARCHAR
2026-03-12 09:07:25,885 INFO sqlalchemy.engine.Engine [cached since 1.34s ago] ('documents', 'r', 'p', 'f', 'v', 'm', 'pg_catalog')
[cached since 1.34s ago] ('documents', 'r', 'p', 'f', 'v', 'm', 'pg_catalog')
2026-03-12 09:07:26,146 INFO sqlalchemy.engine.Engine SELECT pg_catalog.pg_class.relname 
FROM pg_catalog.pg_class JOIN pg_catalog.pg_namespace ON pg_catalog.pg_namespace.oid = pg_catalog.pg_class.relnamespace 
WHERE pg_catalog.pg_class.relname = $1::VARCHAR AND pg_catalog.pg_class.relkind = ANY (ARRAY[$2::VARCHAR, $3::VARCHAR, $4::VARCHAR, $5::VARCHAR, $6::VARCHAR]) AND pg_catalog.pg_table_is_visible(pg_catalog.pg_class.oid) AND pg_catalog.pg_namespace.nspname != $7::VARCHAR
SELECT pg_catalog.pg_class.relname 
FROM pg_catalog.pg_class JOIN pg_catalog.pg_namespace ON pg_catalog.pg_namespace.oid = pg_catalog.pg_class.relnamespace 
WHERE pg_catalog.pg_class.relname = $1::VARCHAR AND pg_catalog.pg_class.relkind = ANY (ARRAY[$2::VARCHAR, $3::VARCHAR, $4::VARCHAR, $5::VARCHAR, $6::VARCHAR]) AND pg_catalog.pg_table_is_visible(pg_catalog.pg_class.oid) AND pg_catalog.pg_namespace.nspname != $7::VARCHAR
2026-03-12 09:07:26,147 INFO sqlalchemy.engine.Engine [cached since 1.601s ago] ('chunks', 'r', 'p', 'f', 'v', 'm', 'pg_catalog')
[cached since 1.601s ago] ('chunks', 'r', 'p', 'f', 'v', 'm', 'pg_catalog')
2026-03-12 09:07:26,407 INFO sqlalchemy.engine.Engine SELECT pg_catalog.pg_class.relname 
FROM pg_catalog.pg_class JOIN pg_catalog.pg_namespace ON pg_catalog.pg_namespace.oid = pg_catalog.pg_class.relnamespace 
WHERE pg_catalog.pg_class.relname = $1::VARCHAR AND pg_catalog.pg_class.relkind = ANY (ARRAY[$2::VARCHAR, $3::VARCHAR, $4::VARCHAR, $5::VARCHAR, $6::VARCHAR]) AND pg_catalog.pg_table_is_visible(pg_catalog.pg_class.oid) AND pg_catalog.pg_namespace.nspname != $7::VARCHAR
SELECT pg_catalog.pg_class.relname 
FROM pg_catalog.pg_class JOIN pg_catalog.pg_namespace ON pg_catalog.pg_namespace.oid = pg_catalog.pg_class.relnamespace 
WHERE pg_catalog.pg_class.relname = $1::VARCHAR AND pg_catalog.pg_class.relkind = ANY (ARRAY[$2::VARCHAR, $3::VARCHAR, $4::VARCHAR, $5::VARCHAR, $6::VARCHAR]) AND pg_catalog.pg_table_is_visible(pg_catalog.pg_class.oid) AND pg_catalog.pg_namespace.nspname != $7::VARCHAR
2026-03-12 09:07:26,408 INFO sqlalchemy.engine.Engine [cached since 1.862s ago] ('test_datasets', 'r', 'p', 'f', 'v', 'm', 'pg_catalog')
[cached since 1.862s ago] ('test_datasets', 'r', 'p', 'f', 'v', 'm', 'pg_catalog')
2026-03-12 09:07:26,671 INFO sqlalchemy.engine.Engine SELECT pg_catalog.pg_class.relname 
FROM pg_catalog.pg_class JOIN pg_catalog.pg_namespace ON pg_catalog.pg_namespace.oid = pg_catalog.pg_class.relnamespace 
WHERE pg_catalog.pg_class.relname = $1::VARCHAR AND pg_catalog.pg_class.relkind = ANY (ARRAY[$2::VARCHAR, $3::VARCHAR, $4::VARCHAR, $5::VARCHAR, $6::VARCHAR]) AND pg_catalog.pg_table_is_visible(pg_catalog.pg_class.oid) AND pg_catalog.pg_namespace.nspname != $7::VARCHAR
SELECT pg_catalog.pg_class.relname 
FROM pg_catalog.pg_class JOIN pg_catalog.pg_namespace ON pg_catalog.pg_namespace.oid = pg_catalog.pg_class.relnamespace 
WHERE pg_catalog.pg_class.relname = $1::VARCHAR AND pg_catalog.pg_class.relkind = ANY (ARRAY[$2::VARCHAR, $3::VARCHAR, $4::VARCHAR, $5::VARCHAR, $6::VARCHAR]) AND pg_catalog.pg_table_is_visible(pg_catalog.pg_class.oid) AND pg_catalog.pg_namespace.nspname != $7::VARCHAR
2026-03-12 09:07:26,672 INFO sqlalchemy.engine.Engine [cached since 2.126s ago] ('evaluations', 'r', 'p', 'f', 'v', 'm', 'pg_catalog')
[cached since 2.126s ago] ('evaluations', 'r', 'p', 'f', 'v', 'm', 'pg_catalog')
2026-03-12 09:07:26,932 INFO sqlalchemy.engine.Engine SELECT pg_catalog.pg_class.relname 
FROM pg_catalog.pg_class JOIN pg_catalog.pg_namespace ON pg_catalog.pg_namespace.oid = pg_catalog.pg_class.relnamespace 
WHERE pg_catalog.pg_class.relname = $1::VARCHAR AND pg_catalog.pg_class.relkind = ANY (ARRAY[$2::VARCHAR, $3::VARCHAR, $4::VARCHAR, $5::VARCHAR, $6::VARCHAR]) AND pg_catalog.pg_table_is_visible(pg_catalog.pg_class.oid) AND pg_catalog.pg_namespace.nspname != $7::VARCHAR
SELECT pg_catalog.pg_class.relname 
FROM pg_catalog.pg_class JOIN pg_catalog.pg_namespace ON pg_catalog.pg_namespace.oid = pg_catalog.pg_class.relnamespace 
WHERE pg_catalog.pg_class.relname = $1::VARCHAR AND pg_catalog.pg_class.relkind = ANY (ARRAY[$2::VARCHAR, $3::VARCHAR, $4::VARCHAR, $5::VARCHAR, $6::VARCHAR]) AND pg_catalog.pg_table_is_visible(pg_catalog.pg_class.oid) AND pg_catalog.pg_namespace.nspname != $7::VARCHAR
2026-03-12 09:07:26,932 INFO sqlalchemy.engine.Engine [cached since 2.387s ago] ('evaluation_results', 'r', 'p', 'f', 'v', 'm', 'pg_catalog')
[cached since 2.387s ago] ('evaluation_results', 'r', 'p', 'f', 'v', 'm', 'pg_catalog')
2026-03-12 09:07:27,193 INFO sqlalchemy.engine.Engine SELECT pg_catalog.pg_class.relname 
FROM pg_catalog.pg_class JOIN pg_catalog.pg_namespace ON pg_catalog.pg_namespace.oid = pg_catalog.pg_class.relnamespace 
WHERE pg_catalog.pg_class.relname = $1::VARCHAR AND pg_catalog.pg_class.relkind = ANY (ARRAY[$2::VARCHAR, $3::VARCHAR, $4::VARCHAR, $5::VARCHAR, $6::VARCHAR]) AND pg_catalog.pg_table_is_visible(pg_catalog.pg_class.oid) AND pg_catalog.pg_namespace.nspname != $7::VARCHAR
SELECT pg_catalog.pg_class.relname 
FROM pg_catalog.pg_class JOIN pg_catalog.pg_namespace ON pg_catalog.pg_namespace.oid = pg_catalog.pg_class.relnamespace 
WHERE pg_catalog.pg_class.relname = $1::VARCHAR AND pg_catalog.pg_class.relkind = ANY (ARRAY[$2::VARCHAR, $3::VARCHAR, $4::VARCHAR, $5::VARCHAR, $6::VARCHAR]) AND pg_catalog.pg_table_is_visible(pg_catalog.pg_class.oid) AND pg_catalog.pg_namespace.nspname != $7::VARCHAR
2026-03-12 09:07:27,193 INFO sqlalchemy.engine.Engine [cached since 2.648s ago] ('execution_logs', 'r', 'p', 'f', 'v', 'm', 'pg_catalog')
[cached since 2.648s ago] ('execution_logs', 'r', 'p', 'f', 'v', 'm', 'pg_catalog')
2026-03-12 09:07:27,453 INFO sqlalchemy.engine.Engine SELECT pg_catalog.pg_class.relname 
FROM pg_catalog.pg_class JOIN pg_catalog.pg_namespace ON pg_catalog.pg_namespace.oid = pg_catalog.pg_class.relnamespace 
WHERE pg_catalog.pg_class.relname = $1::VARCHAR AND pg_catalog.pg_class.relkind = ANY (ARRAY[$2::VARCHAR, $3::VARCHAR, $4::VARCHAR, $5::VARCHAR, $6::VARCHAR]) AND pg_catalog.pg_table_is_visible(pg_catalog.pg_class.oid) AND pg_catalog.pg_namespace.nspname != $7::VARCHAR
SELECT pg_catalog.pg_class.relname 
FROM pg_catalog.pg_class JOIN pg_catalog.pg_namespace ON pg_catalog.pg_namespace.oid = pg_catalog.pg_class.relnamespace 
WHERE pg_catalog.pg_class.relname = $1::VARCHAR AND pg_catalog.pg_class.relkind = ANY (ARRAY[$2::VARCHAR, $3::VARCHAR, $4::VARCHAR, $5::VARCHAR, $6::VARCHAR]) AND pg_catalog.pg_table_is_visible(pg_catalog.pg_class.oid) AND pg_catalog.pg_namespace.nspname != $7::VARCHAR
2026-03-12 09:07:27,453 INFO sqlalchemy.engine.Engine [cached since 2.907s ago] ('presets', 'r', 'p', 'f', 'v', 'm', 'pg_catalog')
[cached since 2.907s ago] ('presets', 'r', 'p', 'f', 'v', 'm', 'pg_catalog')
2026-03-12 09:07:27,716 INFO sqlalchemy.engine.Engine SELECT pg_catalog.pg_type.typname 
FROM pg_catalog.pg_type JOIN pg_catalog.pg_namespace ON pg_catalog.pg_namespace.oid = pg_catalog.pg_type.typnamespace 
WHERE pg_catalog.pg_type.typname = $1::VARCHAR AND pg_catalog.pg_type_is_visible(pg_catalog.pg_type.oid) AND pg_catalog.pg_namespace.nspname != $2::VARCHAR
SELECT pg_catalog.pg_type.typname 
FROM pg_catalog.pg_type JOIN pg_catalog.pg_namespace ON pg_catalog.pg_namespace.oid = pg_catalog.pg_type.typnamespace 
WHERE pg_catalog.pg_type.typname = $1::VARCHAR AND pg_catalog.pg_type_is_visible(pg_catalog.pg_type.oid) AND pg_catalog.pg_namespace.nspname != $2::VARCHAR
2026-03-12 09:07:27,717 INFO sqlalchemy.engine.Engine [generated in 0.00021s] ('pipeline_status', 'pg_catalog')
[generated in 0.00021s] ('pipeline_status', 'pg_catalog')
2026-03-12 09:07:28,240 INFO sqlalchemy.engine.Engine SELECT pg_catalog.pg_type.typname 
FROM pg_catalog.pg_type JOIN pg_catalog.pg_namespace ON pg_catalog.pg_namespace.oid = pg_catalog.pg_type.typnamespace 
WHERE pg_catalog.pg_type.typname = $1::VARCHAR AND pg_catalog.pg_type_is_visible(pg_catalog.pg_type.oid) AND pg_catalog.pg_namespace.nspname != $2::VARCHAR
SELECT pg_catalog.pg_type.typname 
FROM pg_catalog.pg_type JOIN pg_catalog.pg_namespace ON pg_catalog.pg_namespace.oid = pg_catalog.pg_type.typnamespace 
WHERE pg_catalog.pg_type.typname = $1::VARCHAR AND pg_catalog.pg_type_is_visible(pg_catalog.pg_type.oid) AND pg_catalog.pg_namespace.nspname != $2::VARCHAR
2026-03-12 09:07:28,240 INFO sqlalchemy.engine.Engine [cached since 0.5238s ago] ('chunking_method', 'pg_catalog')
[cached since 0.5238s ago] ('chunking_method', 'pg_catalog')
2026-03-12 09:07:28,503 INFO sqlalchemy.engine.Engine SELECT pg_catalog.pg_type.typname 
FROM pg_catalog.pg_type JOIN pg_catalog.pg_namespace ON pg_catalog.pg_namespace.oid = pg_catalog.pg_type.typnamespace 
WHERE pg_catalog.pg_type.typname = $1::VARCHAR AND pg_catalog.pg_type_is_visible(pg_catalog.pg_type.oid) AND pg_catalog.pg_namespace.nspname != $2::VARCHAR
SELECT pg_catalog.pg_type.typname 
FROM pg_catalog.pg_type JOIN pg_catalog.pg_namespace ON pg_catalog.pg_namespace.oid = pg_catalog.pg_type.typnamespace 
WHERE pg_catalog.pg_type.typname = $1::VARCHAR AND pg_catalog.pg_type_is_visible(pg_catalog.pg_type.oid) AND pg_catalog.pg_namespace.nspname != $2::VARCHAR
2026-03-12 09:07:28,503 INFO sqlalchemy.engine.Engine [cached since 0.7868s ago] ('evaluation_status', 'pg_catalog')
[cached since 0.7868s ago] ('evaluation_status', 'pg_catalog')
2026-03-12 09:07:28,764 INFO sqlalchemy.engine.Engine COMMIT
COMMIT
2026-03-12 09:07:29,040 INFO sqlalchemy.engine.Engine BEGIN (implicit)
BEGIN (implicit)
2026-03-12 09:07:29,059 INFO sqlalchemy.engine.Engine SELECT presets.name, presets.category, presets.description, presets.use_cases, presets.document_types, presets.tags, presets.configuration, presets.expected_metrics, presets.thumbnail_url, presets.is_public, presets.created_by, presets.id, presets.created_at, presets.updated_at 
FROM presets 
WHERE presets.name = $1::VARCHAR AND presets.category = $2::VARCHAR
SELECT presets.name, presets.category, presets.description, presets.use_cases, presets.document_types, presets.tags, presets.configuration, presets.expected_metrics, presets.thumbnail_url, presets.is_public, presets.created_by, presets.id, presets.created_at, presets.updated_at 
FROM presets 
WHERE presets.name = $1::VARCHAR AND presets.category = $2::VARCHAR
2026-03-12 09:07:29,059 INFO sqlalchemy.engine.Engine [generated in 0.00029s] ('Academic Research Analysis', 'analysis')
[generated in 0.00029s] ('Academic Research Analysis', 'analysis')
2026-03-12 09:07:29,860 INFO sqlalchemy.engine.Engine SELECT presets.name, presets.category, presets.description, presets.use_cases, presets.document_types, presets.tags, presets.configuration, presets.expected_metrics, presets.thumbnail_url, presets.is_public, presets.created_by, presets.id, presets.created_at, presets.updated_at 
FROM presets 
WHERE presets.name = $1::VARCHAR AND presets.category = $2::VARCHAR
SELECT presets.name, presets.category, presets.description, presets.use_cases, presets.document_types, presets.tags, presets.configuration, presets.expected_metrics, presets.thumbnail_url, presets.is_public, presets.created_by, presets.id, presets.created_at, presets.updated_at 
FROM presets 
WHERE presets.name = $1::VARCHAR AND presets.category = $2::VARCHAR
2026-03-12 09:07:29,860 INFO sqlalchemy.engine.Engine [cached since 0.8015s ago] ('Chatbot with Memory', 'chatbot')
[cached since 0.8015s ago] ('Chatbot with Memory', 'chatbot')
2026-03-12 09:07:30,130 INFO sqlalchemy.engine.Engine SELECT presets.name, presets.category, presets.description, presets.use_cases, presets.document_types, presets.tags, presets.configuration, presets.expected_metrics, presets.thumbnail_url, presets.is_public, presets.created_by, presets.id, presets.created_at, presets.updated_at 
FROM presets 
WHERE presets.name = $1::VARCHAR AND presets.category = $2::VARCHAR
SELECT presets.name, presets.category, presets.description, presets.use_cases, presets.document_types, presets.tags, presets.configuration, presets.expected_metrics, presets.thumbnail_url, presets.is_public, presets.created_by, presets.id, presets.created_at, presets.updated_at 
FROM presets 
WHERE presets.name = $1::VARCHAR AND presets.category = $2::VARCHAR
2026-03-12 09:07:30,130 INFO sqlalchemy.engine.Engine [cached since 1.072s ago] ('Code Documentation Search', 'search')
[cached since 1.072s ago] ('Code Documentation Search', 'search')
2026-03-12 09:07:30,437 INFO sqlalchemy.engine.Engine SELECT presets.name, presets.category, presets.description, presets.use_cases, presets.document_types, presets.tags, presets.configuration, presets.expected_metrics, presets.thumbnail_url, presets.is_public, presets.created_by, presets.id, presets.created_at, presets.updated_at 
FROM presets 
WHERE presets.name = $1::VARCHAR AND presets.category = $2::VARCHAR
SELECT presets.name, presets.category, presets.description, presets.use_cases, presets.document_types, presets.tags, presets.configuration, presets.expected_metrics, presets.thumbnail_url, presets.is_public, presets.created_by, presets.id, presets.created_at, presets.updated_at 
FROM presets 
WHERE presets.name = $1::VARCHAR AND presets.category = $2::VARCHAR
2026-03-12 09:07:30,437 INFO sqlalchemy.engine.Engine [cached since 1.378s ago] ('Customer Support Bot', 'chatbot')
[cached since 1.378s ago] ('Customer Support Bot', 'chatbot')
2026-03-12 09:07:30,703 INFO sqlalchemy.engine.Engine SELECT presets.name, presets.category, presets.description, presets.use_cases, presets.document_types, presets.tags, presets.configuration, presets.expected_metrics, presets.thumbnail_url, presets.is_public, presets.created_by, presets.id, presets.created_at, presets.updated_at 
FROM presets 
WHERE presets.name = $1::VARCHAR AND presets.category = $2::VARCHAR
SELECT presets.name, presets.category, presets.description, presets.use_cases, presets.document_types, presets.tags, presets.configuration, presets.expected_metrics, presets.thumbnail_url, presets.is_public, presets.created_by, presets.id, presets.created_at, presets.updated_at 
FROM presets 
WHERE presets.name = $1::VARCHAR AND presets.category = $2::VARCHAR
2026-03-12 09:07:30,703 INFO sqlalchemy.engine.Engine [cached since 1.644s ago] ('Document Summarization', 'analysis')
[cached since 1.644s ago] ('Document Summarization', 'analysis')
2026-03-12 09:07:30,973 INFO sqlalchemy.engine.Engine SELECT presets.name, presets.category, presets.description, presets.use_cases, presets.document_types, presets.tags, presets.configuration, presets.expected_metrics, presets.thumbnail_url, presets.is_public, presets.created_by, presets.id, presets.created_at, presets.updated_at 
FROM presets 
WHERE presets.name = $1::VARCHAR AND presets.category = $2::VARCHAR
SELECT presets.name, presets.category, presets.description, presets.use_cases, presets.document_types, presets.tags, presets.configuration, presets.expected_metrics, presets.thumbnail_url, presets.is_public, presets.created_by, presets.id, presets.created_at, presets.updated_at 
FROM presets 
WHERE presets.name = $1::VARCHAR AND presets.category = $2::VARCHAR
2026-03-12 09:07:30,973 INFO sqlalchemy.engine.Engine [cached since 1.915s ago] ('Financial Report Analysis', 'analysis')
[cached since 1.915s ago] ('Financial Report Analysis', 'analysis')
2026-03-12 09:07:31,247 INFO sqlalchemy.engine.Engine SELECT presets.name, presets.category, presets.description, presets.use_cases, presets.document_types, presets.tags, presets.configuration, presets.expected_metrics, presets.thumbnail_url, presets.is_public, presets.created_by, presets.id, presets.created_at, presets.updated_at 
FROM presets 
WHERE presets.name = $1::VARCHAR AND presets.category = $2::VARCHAR
SELECT presets.name, presets.category, presets.description, presets.use_cases, presets.document_types, presets.tags, presets.configuration, presets.expected_metrics, presets.thumbnail_url, presets.is_public, presets.created_by, presets.id, presets.created_at, presets.updated_at 
FROM presets 
WHERE presets.name = $1::VARCHAR AND presets.category = $2::VARCHAR
2026-03-12 09:07:31,247 INFO sqlalchemy.engine.Engine [cached since 2.188s ago] ('General Purpose QA', 'qa')
[cached since 2.188s ago] ('General Purpose QA', 'qa')
2026-03-12 09:07:31,518 INFO sqlalchemy.engine.Engine SELECT presets.name, presets.category, presets.description, presets.use_cases, presets.document_types, presets.tags, presets.configuration, presets.expected_metrics, presets.thumbnail_url, presets.is_public, presets.created_by, presets.id, presets.created_at, presets.updated_at 
FROM presets 
WHERE presets.name = $1::VARCHAR AND presets.category = $2::VARCHAR
SELECT presets.name, presets.category, presets.description, presets.use_cases, presets.document_types, presets.tags, presets.configuration, presets.expected_metrics, presets.thumbnail_url, presets.is_public, presets.created_by, presets.id, presets.created_at, presets.updated_at 
FROM presets 
WHERE presets.name = $1::VARCHAR AND presets.category = $2::VARCHAR
2026-03-12 09:07:31,518 INFO sqlalchemy.engine.Engine [cached since 2.46s ago] ('Legal Document QA', 'qa')
[cached since 2.46s ago] ('Legal Document QA', 'qa')
2026-03-12 09:07:31,795 INFO sqlalchemy.engine.Engine SELECT presets.name, presets.category, presets.description, presets.use_cases, presets.document_types, presets.tags, presets.configuration, presets.expected_metrics, presets.thumbnail_url, presets.is_public, presets.created_by, presets.id, presets.created_at, presets.updated_at 
FROM presets 
WHERE presets.name = $1::VARCHAR AND presets.category = $2::VARCHAR
SELECT presets.name, presets.category, presets.description, presets.use_cases, presets.document_types, presets.tags, presets.configuration, presets.expected_metrics, presets.thumbnail_url, presets.is_public, presets.created_by, presets.id, presets.created_at, presets.updated_at 
FROM presets 
WHERE presets.name = $1::VARCHAR AND presets.category = $2::VARCHAR
2026-03-12 09:07:31,795 INFO sqlalchemy.engine.Engine [cached since 2.737s ago] ('Medical Records QA', 'qa')
[cached since 2.737s ago] ('Medical Records QA', 'qa')
2026-03-12 09:07:32,066 INFO sqlalchemy.engine.Engine SELECT presets.name, presets.category, presets.description, presets.use_cases, presets.document_types, presets.tags, presets.configuration, presets.expected_metrics, presets.thumbnail_url, presets.is_public, presets.created_by, presets.id, presets.created_at, presets.updated_at 
FROM presets 
WHERE presets.name = $1::VARCHAR AND presets.category = $2::VARCHAR
SELECT presets.name, presets.category, presets.description, presets.use_cases, presets.document_types, presets.tags, presets.configuration, presets.expected_metrics, presets.thumbnail_url, presets.is_public, presets.created_by, presets.id, presets.created_at, presets.updated_at 
FROM presets 
WHERE presets.name = $1::VARCHAR AND presets.category = $2::VARCHAR
2026-03-12 09:07:32,066 INFO sqlalchemy.engine.Engine [cached since 3.007s ago] ('Semantic Search Engine', 'search')
[cached since 3.007s ago] ('Semantic Search Engine', 'search')
2026-03-12 09:07:32,328 INFO sqlalchemy.engine.Engine COMMIT
COMMIT
INFO:     Application startup complete.
ERROR:    [Errno 10048] error while attempting to bind on address ('127.0.0.1', 8000): [winerror 10048] only one usage of each socket address (protocol/network address/port) is normally permitted
INFO:     Waiting for application shutdown.
INFO:     Application shutdown complete.
